Arguments: 
  /usr/local/Cellar/node/10.1.0/bin/node /usr/local/Cellar/yarn/1.7.0/libexec/bin/yarn.js deploy

PATH: 
  /Users/mackie/google-cloud-sdk/bin:/usr/local/bin:/usr/bin:/bin:/usr/sbin:/sbin:/Users/mackie/Library/Android/sdk/tools:/Users/mackie/Library/Android/sdk/platform-tools:/Users/mackie/Library/Android/sdk/tools:/Users/mackie/Library/Android/sdk/platform-tools

Yarn version: 
  1.7.0

Node version: 
  9.6.1

Platform: 
  darwin x64

Trace: 
  SyntaxError: /Users/mackie/Code/better-app-slim/server/package.json: Unexpected token . in JSON at position 558
      at JSON.parse (<anonymous>)
      at /usr/local/Cellar/yarn/1.7.0/libexec/lib/cli.js:1130:59
      at Generator.next (<anonymous>)
      at step (/usr/local/Cellar/yarn/1.7.0/libexec/lib/cli.js:98:30)
      at /usr/local/Cellar/yarn/1.7.0/libexec/lib/cli.js:109:13
      at <anonymous>

npm manifest: 
  {
    "name": "better-app-server",
    "version": "1.0.1",
    "description": "",
    "main": "build/index.js",
    "author": "Mackie Drew <mackiedrew@gmail.com>",
    "license": "MIT",
    "private": false,
    "scripts": {
      "prestart": "npm run build",
      "start": "node build/index.js",
      "dev": "nodemon --exec babel-node -- ./source/index.js",
      "build": "babel source --out-dir build --copy-files",
      "test": "npm run flow && npm run lint",
      "lint": "eslint .",
      "predeploy": "npm run build",
      "deploy": "cat package.json | jq .version | sed -e 's/\./\-/g' | gcloud app deploy --quiet --version 1.0.1",
      "logs": "gcloud app logs tail -s default",
      "live": "gcloud app browse"
    },
    "devDependencies": {
      "@babel/cli": "7.0.0",
      "@babel/core": "7.0.0",
      "@babel/node": "7.0.0",
      "@babel/preset-env": "7.0.0",
      "@babel/preset-flow": "7.0.0",
      "ajv": "6.5.3",
      "babel-eslint": "8.2.6",
      "babel-polyfill": "6.26.0",
      "eslint": "5.3.0",
      "eslint-config-prettier": "2.9.0",
      "eslint-plugin-eslint-comments": "3.0.1",
      "eslint-plugin-flowtype": "2.50.0",
      "eslint-plugin-fp": "2.3.0",
      "eslint-plugin-import": "2.13.0",
      "eslint-plugin-jsdoc": "3.7.1",
      "eslint-plugin-prettier": "2.6.2",
      "eslint-plugin-promise": "3.8.0",
      "eslint-plugin-you-dont-need-lodash-underscore": "6.4.0",
      "flow-bin": "0.78.0",
      "nodemon": "1.18.4",
      "prettier": "1.14.0"
    },
    "dependencies": {
      "@google-cloud/debug-agent": "2.6.0",
      "express": "4.16.3",
      "firebase-admin": "5.13.1",
      "passport": "0.4.0",
      "passport-fitbit-oauth2": "1.0.2"
    },
    "engines": {
      "node": "8.x.x"
    }
  }

yarn manifest: 
  No manifest

Lockfile: 
  No lockfile
